<?xml version="1.0" encoding="UTF-8"?>
<!-- Generated by org.testng.reporters.JUnitReportReporter -->
<testsuite hostname="DESKTOP-NKM8K2N" failures="0" tests="1" name="tutorialsninja.register.TC_RF_001" time="9.908" errors="0" timestamp="2025-02-06T17:21:27 IST" skipped="0">
  <testcase classname="tutorialsninja.register.TC_RF_001" name="VerifyRegisterwithFields" time="9.908"/>
</testsuite> <!-- tutorialsninja.register.TC_RF_001 -->
